# JRE version: OpenJDK Runtime Environment Temurin-17.0.2+8 (17.0.2+8) (build 17.0.2+8)
# Java VM: OpenJDK 64-Bit Server VM Temurin-17.0.2+8 (17.0.2+8, mixed mode, emulated-client, tiered, compressed oops, compressed class ptrs, g1 gc, windows-amd64)
GC Precious Log:
 CPUs: 4 total, 4 available
 Memory: 8088M
 Large Page Support: Disabled
 NUMA Support: Disabled
 Compressed Oops: Enabled (32-bit)
 Heap Region Size: 1M
 Heap Min Capacity: 8M
 Heap Initial Capacity: 128M
 Heap Max Capacity: 2024M
 Pre-touch: Disabled
 Parallel Workers: 4
 Concurrent Workers: 1
 Concurrent Refinement Workers: 4
 Periodic GC: Disabled
Heap:
 garbage-first heap   total 40960K, used 19907K [0x0000000081800000, 0x0000000100000000)
  region size 1024K, 6 young (6144K), 3 survivors (3072K)
 Metaspace       used 37908K, committed 38208K, reserved 1089536K
  class space    used 4932K, committed 5056K, reserved 1048576K
GC Heap History (20 events):
Event: 4.120 GC heap before
{Heap before GC invocations=2 (full 0):
 garbage-first heap   total 131072K, used 27645K [0x0000000081800000, 0x0000000100000000)
  region size 1024K, 21 young (21504K), 2 survivors (2048K)
 Metaspace       used 19942K, committed 20224K, reserved 1073152K
  class space    used 2318K, committed 2432K, reserved 1048576K
}
Event: 4.125 GC heap after
{Heap after GC invocations=3 (full 0):
 garbage-first heap   total 131072K, used 9808K [0x0000000081800000, 0x0000000100000000)
  region size 1024K, 3 young (3072K), 3 survivors (3072K)
 Metaspace       used 19942K, committed 20224K, reserved 1073152K
  class space    used 2318K, committed 2432K, reserved 1048576K
}
Event: 4.233 GC heap before
{Heap before GC invocations=3 (full 0):
 garbage-first heap   total 131072K, used 12880K [0x0000000081800000, 0x0000000100000000)
  region size 1024K, 8 young (8192K), 3 survivors (3072K)
 Metaspace       used 21297K, committed 21504K, reserved 1073152K
  class space    used 2463K, committed 2560K, reserved 1048576K
}
Event: 4.238 GC heap after
{Heap after GC invocations=4 (full 0):
 garbage-first heap   total 131072K, used 10065K [0x0000000081800000, 0x0000000100000000)
  region size 1024K, 4 young (4096K), 4 survivors (4096K)
 Metaspace       used 21297K, committed 21504K, reserved 1073152K
  class space    used 2463K, committed 2560K, reserved 1048576K
}
Event: 5.045 GC heap before
{Heap before GC invocations=5 (full 0):
 garbage-first heap   total 40960K, used 29521K [0x0000000081800000, 0x0000000100000000)
  region size 1024K, 24 young (24576K), 4 survivors (4096K)
 Metaspace       used 24727K, committed 25024K, reserved 1073152K
  class space    used 3067K, committed 3200K, reserved 1048576K
}
Event: 5.053 GC heap after
{Heap after GC invocations=6 (full 0):
 garbage-first heap   total 40960K, used 11484K [0x0000000081800000, 0x0000000100000000)
  region size 1024K, 2 young (2048K), 2 survivors (2048K)
 Metaspace       used 24727K, committed 25024K, reserved 1073152K
  class space    used 3067K, committed 3200K, reserved 1048576K
}
Event: 5.111 GC heap before
{Heap before GC invocations=6 (full 0):
 garbage-first heap   total 40960K, used 12508K [0x0000000081800000, 0x0000000100000000)
  region size 1024K, 3 young (3072K), 2 survivors (2048K)
 Metaspace       used 24915K, committed 25152K, reserved 1073152K
  class space    used 3091K, committed 3200K, reserved 1048576K
}
Event: 5.115 GC heap after
{Heap after GC invocations=7 (full 0):
 garbage-first heap   total 40960K, used 11635K [0x0000000081800000, 0x0000000100000000)
  region size 1024K, 1 young (1024K), 1 survivors (1024K)
 Metaspace       used 24915K, committed 25152K, reserved 1073152K
  class space    used 3091K, committed 3200K, reserved 1048576K
}
Event: 5.630 GC heap before
{Heap before GC invocations=7 (full 0):
 garbage-first heap   total 40960K, used 26995K [0x0000000081800000, 0x0000000100000000)
  region size 1024K, 17 young (17408K), 1 survivors (1024K)
 Metaspace       used 28019K, committed 28288K, reserved 1081344K
  class space    used 3399K, committed 3520K, reserved 1048576K
}
Event: 5.633 GC heap after
{Heap after GC invocations=8 (full 0):
 garbage-first heap   total 40960K, used 12388K [0x0000000081800000, 0x0000000100000000)
  region size 1024K, 2 young (2048K), 2 survivors (2048K)
 Metaspace       used 28019K, committed 28288K, reserved 1081344K
  class space    used 3399K, committed 3520K, reserved 1048576K
}
Event: 6.263 GC heap before
{Heap before GC invocations=8 (full 0):
 garbage-first heap   total 40960K, used 27748K [0x0000000081800000, 0x0000000100000000)
  region size 1024K, 18 young (18432K), 2 survivors (2048K)
 Metaspace       used 30601K, committed 30848K, reserved 1081344K
  class space    used 3777K, committed 3904K, reserved 1048576K
}
Event: 6.267 GC heap after
{Heap after GC invocations=9 (full 0):
 garbage-first heap   total 40960K, used 13285K [0x0000000081800000, 0x0000000100000000)
  region size 1024K, 2 young (2048K), 2 survivors (2048K)
 Metaspace       used 30601K, committed 30848K, reserved 1081344K
  class space    used 3777K, committed 3904K, reserved 1048576K
}
Event: 7.232 GC heap before
{Heap before GC invocations=9 (full 0):
 garbage-first heap   total 40960K, used 30693K [0x0000000081800000, 0x0000000100000000)
  region size 1024K, 19 young (19456K), 2 survivors (2048K)
 Metaspace       used 31886K, committed 32192K, reserved 1081344K
  class space    used 3971K, committed 4096K, reserved 1048576K
}
Event: 7.237 GC heap after
{Heap after GC invocations=10 (full 0):
 garbage-first heap   total 40960K, used 14322K [0x0000000081800000, 0x0000000100000000)
  region size 1024K, 2 young (2048K), 2 survivors (2048K)
 Metaspace       used 31886K, committed 32192K, reserved 1081344K
  class space    used 3971K, committed 4096K, reserved 1048576K
}
Event: 7.976 GC heap before
{Heap before GC invocations=10 (full 0):
 garbage-first heap   total 40960K, used 30706K [0x0000000081800000, 0x0000000100000000)
  region size 1024K, 18 young (18432K), 2 survivors (2048K)
 Metaspace       used 33428K, committed 33728K, reserved 1081344K
  class space    used 4223K, committed 4352K, reserved 1048576K
}
Event: 7.981 GC heap after
{Heap after GC invocations=11 (full 0):
 garbage-first heap   total 40960K, used 15317K [0x0000000081800000, 0x0000000100000000)
  region size 1024K, 3 young (3072K), 3 survivors (3072K)
 Metaspace       used 33428K, committed 33728K, reserved 1081344K
  class space    used 4223K, committed 4352K, reserved 1048576K
}
Event: 9.173 GC heap before
{Heap before GC invocations=11 (full 0):
 garbage-first heap   total 40960K, used 29653K [0x0000000081800000, 0x0000000100000000)
  region size 1024K, 18 young (18432K), 3 survivors (3072K)
 Metaspace       used 35674K, committed 35968K, reserved 1081344K
  class space    used 4563K, committed 4736K, reserved 1048576K
}
Event: 9.179 GC heap after
{Heap after GC invocations=12 (full 0):
 garbage-first heap   total 40960K, used 16495K [0x0000000081800000, 0x0000000100000000)
  region size 1024K, 3 young (3072K), 3 survivors (3072K)
 Metaspace       used 35674K, committed 35968K, reserved 1081344K
  class space    used 4563K, committed 4736K, reserved 1048576K
}
Event: 9.962 GC heap before
{Heap before GC invocations=13 (full 0):
 garbage-first heap   total 40960K, used 30831K [0x0000000081800000, 0x0000000100000000)
  region size 1024K, 17 young (17408K), 3 survivors (3072K)
 Metaspace       used 37364K, committed 37696K, reserved 1089536K
  class space    used 4873K, committed 5056K, reserved 1048576K
}
Event: 9.968 GC heap after
{Heap after GC invocations=14 (full 0):
 garbage-first heap   total 40960K, used 17859K [0x0000000081800000, 0x0000000100000000)
  region size 1024K, 3 young (3072K), 3 survivors (3072K)
 Metaspace       used 37364K, committed 37696K, reserved 1089536K
  class space    used 4873K, committed 5056K, reserved 1048576K
}

